<?xml version="1.0" encoding="UTF-8"?>
<testsuite xmlns:xsi="http://www.w3.org/2001/XMLSchema-instance" xsi:noNamespaceSchemaLocation="https://maven.apache.org/surefire/maven-surefire-plugin/xsd/surefire-test-report-3.0.xsd" version="3.0" name="com.example.demo.repositories.ReparationRepositoryTest" time="3.116" tests="1" errors="0" skipped="0" failures="0">
  <properties>
[...]
</properties>
  <testcase name="whenSavingReparationWithType_ThenSuccess" classname="com.example.demo.repositories.ReparationRepositoryTest" time="0.271">
    <system-out><![CDATA[2024-04-09T15:56:18.373-04:00  INFO 10776 --- [           main] t.c.s.AnnotationConfigContextLoaderUtils : Could not detect default configuration classes for test class [com.example.demo.repositories.ReparationRepositoryTest]: ReparationRepositoryTest does not declare any static, non-private, non-final, nested classes annotated with @Configuration.
2024-04-09T15:56:18.419-04:00  INFO 10776 --- [           main] .b.t.c.SpringBootTestContextBootstrapper : Found @SpringBootConfiguration com.example.demo.AutofixApplication for test class com.example.demo.repositories.ReparationRepositoryTest

  .   ____          _            __ _ _
 /\\ / ___'_ __ _ _(_)_ __  __ _ \ \ \ \
( ( )\___ | '_ | '_| | '_ \/ _` | \ \ \ \
 \\/  ___)| |_)| | | | | || (_| |  ) ) ) )
  '  |____| .__|_| |_|_| |_\__, | / / / /
 =========|_|==============|___/=/_/_/_/
 :: Spring Boot ::                (v3.2.4)

2024-04-09T15:56:18.484-04:00  INFO 10776 --- [           main] c.e.d.r.ReparationRepositoryTest         : Starting ReparationRepositoryTest using Java 17.0.10 with PID 10776 (started by lucas in C:\Users\lucas\Documents\Git\tingeso-pep-1\Backend)
2024-04-09T15:56:18.485-04:00  INFO 10776 --- [           main] c.e.d.r.ReparationRepositoryTest         : The following 1 profile is active: "test"
2024-04-09T15:56:18.693-04:00  INFO 10776 --- [           main] .s.d.r.c.RepositoryConfigurationDelegate : Bootstrapping Spring Data JPA repositories in DEFAULT mode.
2024-04-09T15:56:18.766-04:00  INFO 10776 --- [           main] .s.d.r.c.RepositoryConfigurationDelegate : Finished Spring Data repository scanning in 62 ms. Found 3 JPA repository interfaces.
2024-04-09T15:56:18.830-04:00  INFO 10776 --- [           main] beddedDataSourceBeanFactoryPostProcessor : Replacing 'dataSource' DataSource bean with embedded version
2024-04-09T15:56:18.966-04:00  INFO 10776 --- [           main] o.s.j.d.e.EmbeddedDatabaseFactory        : Starting embedded database: url='jdbc:h2:mem:267a8e6f-69a4-4341-9427-7420d8f0509a;DB_CLOSE_DELAY=-1;DB_CLOSE_ON_EXIT=false', username='sa'
2024-04-09T15:56:19.344-04:00  INFO 10776 --- [           main] o.hibernate.jpa.internal.util.LogHelper  : HHH000204: Processing PersistenceUnitInfo [name: default]
2024-04-09T15:56:19.428-04:00  INFO 10776 --- [           main] org.hibernate.Version                    : HHH000412: Hibernate ORM core version 6.4.4.Final
2024-04-09T15:56:19.478-04:00  INFO 10776 --- [           main] o.h.c.internal.RegionFactoryInitiator    : HHH000026: Second-level cache disabled
2024-04-09T15:56:19.649-04:00  INFO 10776 --- [           main] o.s.o.j.p.SpringPersistenceUnitInfo      : No LoadTimeWeaver setup: ignoring JPA class transformer
2024-04-09T15:56:19.710-04:00  WARN 10776 --- [           main] org.hibernate.orm.deprecation            : HHH90000025: H2Dialect does not need to be specified explicitly using 'hibernate.dialect' (remove the property setting and it will be selected by default)
2024-04-09T15:56:20.642-04:00  INFO 10776 --- [           main] o.h.e.t.j.p.i.JtaPlatformInitiator       : HHH000489: No JTA platform available (set 'hibernate.transaction.jta.platform' to enable JTA platform integration)
Hibernate: create table autos (patent varchar(255) not null, brand varchar(255), brand_bonus bigint, car_type tinyint check (car_type between 0 and 4), fab_date timestamp(6), mileage bigint, model varchar(255), motor_type tinyint check (motor_type between 0 and 3), seat_count integer not null, primary key (patent))
Hibernate: create table reparaciones (id bigint generated by default as identity, admission_date timestamp(6), patent varchar(255), repair_exit_date timestamp(6), retrieval_date timestamp(6), primary key (id))
Hibernate: create table tipos_reparaciones (id bigint generated by default as identity, reparation_id bigint, reparation_type tinyint check (reparation_type between 0 and 10), reparation bigint, primary key (id))
Hibernate: alter table if exists tipos_reparaciones add constraint FKk9rrkreysekuepvkoxhaoieof foreign key (reparation) references reparaciones
2024-04-09T15:56:20.733-04:00  INFO 10776 --- [           main] j.LocalContainerEntityManagerFactoryBean : Initialized JPA EntityManagerFactory for persistence unit 'default'
2024-04-09T15:56:21.211-04:00  INFO 10776 --- [           main] c.e.d.r.ReparationRepositoryTest         : Started ReparationRepositoryTest in 2.787 seconds (process running for 10.183)
Hibernate: insert into reparaciones (admission_date,patent,repair_exit_date,retrieval_date,id) values (?,?,?,?,default)
Hibernate: insert into tipos_reparaciones (reparation,reparation_id,reparation_type,id) values (?,?,?,default)
Hibernate: select re1_0.id,re1_0.admission_date,re1_0.patent,re1_0.repair_exit_date,re1_0.retrieval_date from reparaciones re1_0 where re1_0.patent=?
]]></system-out>
  </testcase>
</testsuite>